1717098289.596401 client started (32862): version 3.4, socket /private/tmp/tmux-501/default, protocol 8
1717098289.596498 on Darwin 23.5.0 Darwin Kernel Version 23.5.0: Wed May  1 20:16:51 PDT 2024; root:xnu-10063.121.3~5/RELEASE_ARM64_T8103
1717098289.596515 using libevent 2.1.12-stable select
1717098289.596549 using utf8proc 2.9.0
1717098289.596558 using ncurses 6.5 20240427
1717098289.596582 flags are 0x10010000
1717098289.596590 socket is /private/tmp/tmux-501/default
1717098289.596607 trying connect
1717098289.596675 add peer 0x120008000: 6 (0x0)
1717098289.598986 sending message 100 to peer 0x120008000 (4 bytes)
1717098289.599007 sending message 111 to peer 0x120008000 (8 bytes)
1717098289.599016 sending message 101 to peer 0x120008000 (15 bytes)
1717098289.599024 sending message 109 to peer 0x120008000 (4 bytes)
1717098289.599031 sending message 102 to peer 0x120008000 (13 bytes)
1717098289.599037 sending message 108 to peer 0x120008000 (31 bytes)
1717098289.599044 sending message 112 to peer 0x120008000 (58 bytes)
1717098289.599050 sending message 112 to peer 0x120008000 (5 bytes)
1717098289.599057 sending message 112 to peer 0x120008000 (5 bytes)
1717098289.599063 sending message 112 to peer 0x120008000 (6 bytes)
1717098289.599069 sending message 112 to peer 0x120008000 (6 bytes)
1717098289.599075 sending message 112 to peer 0x120008000 (11 bytes)
1717098289.599082 sending message 112 to peer 0x120008000 (10 bytes)
1717098289.599088 sending message 112 to peer 0x120008000 (13 bytes)
1717098289.599094 sending message 112 to peer 0x120008000 (14 bytes)
1717098289.599101 sending message 112 to peer 0x120008000 (19 bytes)
1717098289.599107 sending message 112 to peer 0x120008000 (11 bytes)
1717098289.599113 sending message 112 to peer 0x120008000 (10 bytes)
1717098289.599119 sending message 112 to peer 0x120008000 (15 bytes)
1717098289.599125 sending message 112 to peer 0x120008000 (21 bytes)
1717098289.599132 sending message 112 to peer 0x120008000 (13 bytes)
1717098289.599138 sending message 112 to peer 0x120008000 (7 bytes)
1717098289.599144 sending message 112 to peer 0x120008000 (13 bytes)
1717098289.599150 sending message 112 to peer 0x120008000 (7 bytes)
1717098289.599156 sending message 112 to peer 0x120008000 (13 bytes)
1717098289.599162 sending message 112 to peer 0x120008000 (9 bytes)
1717098289.599168 sending message 112 to peer 0x120008000 (21 bytes)
1717098289.599174 sending message 112 to peer 0x120008000 (13 bytes)
1717098289.599181 sending message 112 to peer 0x120008000 (9 bytes)
1717098289.599187 sending message 112 to peer 0x120008000 (16 bytes)
1717098289.599193 sending message 112 to peer 0x120008000 (13 bytes)
1717098289.599199 sending message 112 to peer 0x120008000 (9 bytes)
1717098289.599205 sending message 112 to peer 0x120008000 (9 bytes)
1717098289.599211 sending message 112 to peer 0x120008000 (12 bytes)
1717098289.599218 sending message 112 to peer 0x120008000 (8 bytes)
1717098289.599224 sending message 112 to peer 0x120008000 (8 bytes)
1717098289.599230 sending message 112 to peer 0x120008000 (13 bytes)
1717098289.599236 sending message 112 to peer 0x120008000 (7 bytes)
1717098289.599242 sending message 112 to peer 0x120008000 (7 bytes)
1717098289.599248 sending message 112 to peer 0x120008000 (9 bytes)
1717098289.599254 sending message 112 to peer 0x120008000 (9 bytes)
1717098289.599260 sending message 112 to peer 0x120008000 (15 bytes)
1717098289.599267 sending message 112 to peer 0x120008000 (13 bytes)
1717098289.599273 sending message 112 to peer 0x120008000 (12 bytes)
1717098289.599279 sending message 112 to peer 0x120008000 (8 bytes)
1717098289.599285 sending message 112 to peer 0x120008000 (14 bytes)
1717098289.599291 sending message 112 to peer 0x120008000 (11 bytes)
1717098289.599297 sending message 112 to peer 0x120008000 (9 bytes)
1717098289.599304 sending message 112 to peer 0x120008000 (10 bytes)
1717098289.599310 sending message 112 to peer 0x120008000 (10 bytes)
1717098289.599316 sending message 112 to peer 0x120008000 (10 bytes)
1717098289.599322 sending message 112 to peer 0x120008000 (10 bytes)
1717098289.599341 sending message 112 to peer 0x120008000 (11 bytes)
1717098289.599345 sending message 112 to peer 0x120008000 (12 bytes)
1717098289.599350 sending message 112 to peer 0x120008000 (12 bytes)
1717098289.599354 sending message 112 to peer 0x120008000 (12 bytes)
1717098289.599358 sending message 112 to peer 0x120008000 (12 bytes)
1717098289.599363 sending message 112 to peer 0x120008000 (12 bytes)
1717098289.599367 sending message 112 to peer 0x120008000 (11 bytes)
1717098289.599371 sending message 112 to peer 0x120008000 (11 bytes)
1717098289.599376 sending message 112 to peer 0x120008000 (12 bytes)
1717098289.599380 sending message 112 to peer 0x120008000 (12 bytes)
1717098289.599384 sending message 112 to peer 0x120008000 (12 bytes)
1717098289.599389 sending message 112 to peer 0x120008000 (12 bytes)
1717098289.599393 sending message 112 to peer 0x120008000 (12 bytes)
1717098289.599397 sending message 112 to peer 0x120008000 (9 bytes)
1717098289.599401 sending message 112 to peer 0x120008000 (12 bytes)
1717098289.599406 sending message 112 to peer 0x120008000 (13 bytes)
1717098289.599410 sending message 112 to peer 0x120008000 (13 bytes)
1717098289.599414 sending message 112 to peer 0x120008000 (13 bytes)
1717098289.599418 sending message 112 to peer 0x120008000 (13 bytes)
1717098289.599423 sending message 112 to peer 0x120008000 (13 bytes)
1717098289.599427 sending message 112 to peer 0x120008000 (8 bytes)
1717098289.599431 sending message 112 to peer 0x120008000 (11 bytes)
1717098289.599436 sending message 112 to peer 0x120008000 (11 bytes)
1717098289.599440 sending message 112 to peer 0x120008000 (11 bytes)
1717098289.599444 sending message 112 to peer 0x120008000 (12 bytes)
1717098289.599448 sending message 112 to peer 0x120008000 (12 bytes)
1717098289.599453 sending message 112 to peer 0x120008000 (12 bytes)
1717098289.599457 sending message 112 to peer 0x120008000 (12 bytes)
1717098289.599461 sending message 112 to peer 0x120008000 (13 bytes)
1717098289.599465 sending message 112 to peer 0x120008000 (13 bytes)
1717098289.599470 sending message 112 to peer 0x120008000 (13 bytes)
1717098289.599474 sending message 112 to peer 0x120008000 (8 bytes)
1717098289.599478 sending message 112 to peer 0x120008000 (13 bytes)
1717098289.599482 sending message 112 to peer 0x120008000 (13 bytes)
1717098289.599486 sending message 112 to peer 0x120008000 (13 bytes)
1717098289.599491 sending message 112 to peer 0x120008000 (13 bytes)
1717098289.599495 sending message 112 to peer 0x120008000 (13 bytes)
1717098289.599499 sending message 112 to peer 0x120008000 (12 bytes)
1717098289.599503 sending message 112 to peer 0x120008000 (12 bytes)
1717098289.599508 sending message 112 to peer 0x120008000 (12 bytes)
1717098289.599512 sending message 112 to peer 0x120008000 (12 bytes)
1717098289.599516 sending message 112 to peer 0x120008000 (13 bytes)
1717098289.599520 sending message 112 to peer 0x120008000 (8 bytes)
1717098289.599525 sending message 112 to peer 0x120008000 (13 bytes)
1717098289.599529 sending message 112 to peer 0x120008000 (13 bytes)
1717098289.599533 sending message 112 to peer 0x120008000 (13 bytes)
1717098289.599537 sending message 112 to peer 0x120008000 (13 bytes)
1717098289.599541 sending message 112 to peer 0x120008000 (13 bytes)
1717098289.599546 sending message 112 to peer 0x120008000 (13 bytes)
1717098289.599550 sending message 112 to peer 0x120008000 (13 bytes)
1717098289.599554 sending message 112 to peer 0x120008000 (12 bytes)
1717098289.599558 sending message 112 to peer 0x120008000 (12 bytes)
1717098289.599563 sending message 112 to peer 0x120008000 (12 bytes)
1717098289.599567 sending message 112 to peer 0x120008000 (8 bytes)
1717098289.599571 sending message 112 to peer 0x120008000 (12 bytes)
1717098289.599575 sending message 112 to peer 0x120008000 (13 bytes)
1717098289.599579 sending message 112 to peer 0x120008000 (13 bytes)
1717098289.599584 sending message 112 to peer 0x120008000 (13 bytes)
1717098289.599588 sending message 112 to peer 0x120008000 (13 bytes)
1717098289.599592 sending message 112 to peer 0x120008000 (13 bytes)
1717098289.599605 sending message 112 to peer 0x120008000 (13 bytes)
1717098289.599609 sending message 112 to peer 0x120008000 (13 bytes)
1717098289.599613 sending message 112 to peer 0x120008000 (13 bytes)
1717098289.599618 sending message 112 to peer 0x120008000 (12 bytes)
1717098289.599622 sending message 112 to peer 0x120008000 (10 bytes)
1717098289.599626 sending message 112 to peer 0x120008000 (12 bytes)
1717098289.599631 sending message 112 to peer 0x120008000 (12 bytes)
1717098289.599635 sending message 112 to peer 0x120008000 (12 bytes)
1717098289.599639 sending message 112 to peer 0x120008000 (13 bytes)
1717098289.599643 sending message 112 to peer 0x120008000 (13 bytes)
1717098289.599648 sending message 112 to peer 0x120008000 (13 bytes)
1717098289.599652 sending message 112 to peer 0x120008000 (13 bytes)
1717098289.599656 sending message 112 to peer 0x120008000 (13 bytes)
1717098289.599660 sending message 112 to peer 0x120008000 (13 bytes)
1717098289.599665 sending message 112 to peer 0x120008000 (13 bytes)
1717098289.599669 sending message 112 to peer 0x120008000 (10 bytes)
1717098289.599673 sending message 112 to peer 0x120008000 (13 bytes)
1717098289.599677 sending message 112 to peer 0x120008000 (12 bytes)
1717098289.599682 sending message 112 to peer 0x120008000 (12 bytes)
1717098289.599686 sending message 112 to peer 0x120008000 (12 bytes)
1717098289.599690 sending message 112 to peer 0x120008000 (10 bytes)
1717098289.599694 sending message 112 to peer 0x120008000 (10 bytes)
1717098289.599698 sending message 112 to peer 0x120008000 (10 bytes)
1717098289.599703 sending message 112 to peer 0x120008000 (12 bytes)
1717098289.599707 sending message 112 to peer 0x120008000 (13 bytes)
1717098289.599711 sending message 112 to peer 0x120008000 (13 bytes)
1717098289.599715 sending message 112 to peer 0x120008000 (13 bytes)
1717098289.599720 sending message 112 to peer 0x120008000 (13 bytes)
1717098289.599724 sending message 112 to peer 0x120008000 (13 bytes)
1717098289.599728 sending message 112 to peer 0x120008000 (10 bytes)
1717098289.599732 sending message 112 to peer 0x120008000 (11 bytes)
1717098289.599736 sending message 112 to peer 0x120008000 (12 bytes)
1717098289.599741 sending message 112 to peer 0x120008000 (12 bytes)
1717098289.599745 sending message 112 to peer 0x120008000 (12 bytes)
1717098289.599749 sending message 112 to peer 0x120008000 (12 bytes)
1717098289.599753 sending message 112 to peer 0x120008000 (12 bytes)
1717098289.599758 sending message 112 to peer 0x120008000 (11 bytes)
1717098289.599762 sending message 112 to peer 0x120008000 (12 bytes)
1717098289.599766 sending message 112 to peer 0x120008000 (12 bytes)
1717098289.599770 sending message 112 to peer 0x120008000 (13 bytes)
1717098289.599774 sending message 112 to peer 0x120008000 (13 bytes)
1717098289.599779 sending message 112 to peer 0x120008000 (13 bytes)
1717098289.599783 sending message 112 to peer 0x120008000 (13 bytes)
1717098289.599787 sending message 112 to peer 0x120008000 (13 bytes)
1717098289.599791 sending message 112 to peer 0x120008000 (10 bytes)
1717098289.599796 sending message 112 to peer 0x120008000 (9 bytes)
1717098289.599800 sending message 112 to peer 0x120008000 (12 bytes)
1717098289.599804 sending message 112 to peer 0x120008000 (13 bytes)
1717098289.599808 sending message 112 to peer 0x120008000 (13 bytes)
1717098289.599812 sending message 112 to peer 0x120008000 (13 bytes)
1717098289.599817 sending message 112 to peer 0x120008000 (13 bytes)
1717098289.599821 sending message 112 to peer 0x120008000 (13 bytes)
1717098289.599825 sending message 112 to peer 0x120008000 (9 bytes)
1717098289.599829 sending message 112 to peer 0x120008000 (12 bytes)
1717098289.599834 sending message 112 to peer 0x120008000 (13 bytes)
1717098289.599838 sending message 112 to peer 0x120008000 (13 bytes)
1717098289.599842 sending message 112 to peer 0x120008000 (13 bytes)
1717098289.599846 sending message 112 to peer 0x120008000 (13 bytes)
1717098289.599850 sending message 112 to peer 0x120008000 (13 bytes)
1717098289.599861 sending message 112 to peer 0x120008000 (11 bytes)
1717098289.599865 sending message 112 to peer 0x120008000 (12 bytes)
1717098289.599870 sending message 112 to peer 0x120008000 (13 bytes)
1717098289.599874 sending message 112 to peer 0x120008000 (13 bytes)
1717098289.599878 sending message 112 to peer 0x120008000 (13 bytes)
1717098289.599883 sending message 112 to peer 0x120008000 (13 bytes)
1717098289.599887 sending message 112 to peer 0x120008000 (13 bytes)
1717098289.599891 sending message 112 to peer 0x120008000 (11 bytes)
1717098289.599895 sending message 112 to peer 0x120008000 (12 bytes)
1717098289.599900 sending message 112 to peer 0x120008000 (12 bytes)
1717098289.599904 sending message 112 to peer 0x120008000 (12 bytes)
1717098289.599908 sending message 112 to peer 0x120008000 (12 bytes)
1717098289.599912 sending message 112 to peer 0x120008000 (12 bytes)
1717098289.599916 sending message 112 to peer 0x120008000 (21 bytes)
1717098289.599921 sending message 112 to peer 0x120008000 (12 bytes)
1717098289.599925 sending message 112 to peer 0x120008000 (9 bytes)
1717098289.599929 sending message 112 to peer 0x120008000 (6 bytes)
1717098289.599933 sending message 112 to peer 0x120008000 (13 bytes)
1717098289.599938 sending message 112 to peer 0x120008000 (10 bytes)
1717098289.599942 sending message 112 to peer 0x120008000 (24 bytes)
1717098289.599946 sending message 112 to peer 0x120008000 (13 bytes)
1717098289.599950 sending message 112 to peer 0x120008000 (9 bytes)
1717098289.599955 sending message 112 to peer 0x120008000 (70 bytes)
1717098289.599959 sending message 112 to peer 0x120008000 (69 bytes)
1717098289.599963 sending message 112 to peer 0x120008000 (12 bytes)
1717098289.599967 sending message 112 to peer 0x120008000 (10 bytes)
1717098289.599972 sending message 112 to peer 0x120008000 (10 bytes)
1717098289.599976 sending message 112 to peer 0x120008000 (24 bytes)
1717098289.599980 sending message 112 to peer 0x120008000 (13 bytes)
1717098289.599984 sending message 112 to peer 0x120008000 (10 bytes)
1717098289.599989 sending message 112 to peer 0x120008000 (10 bytes)
1717098289.599993 sending message 112 to peer 0x120008000 (10 bytes)
1717098289.599997 sending message 112 to peer 0x120008000 (13 bytes)
1717098289.600001 sending message 112 to peer 0x120008000 (15 bytes)
1717098289.600005 sending message 112 to peer 0x120008000 (5 bytes)
1717098289.600012 sending message 104 to peer 0x120008000 (0 bytes)
1717098289.600017 sending message 110 to peer 0x120008000 (0 bytes)
1717098289.600021 sending message 107 to peer 0x120008000 (4 bytes)
1717098289.600025 sending message 105 to peer 0x120008000 (35 bytes)
1717098289.600030 sending message 105 to peer 0x120008000 (71 bytes)
1717098289.600034 sending message 105 to peer 0x120008000 (58 bytes)
1717098289.600038 sending message 105 to peer 0x120008000 (79 bytes)
1717098289.600043 sending message 105 to peer 0x120008000 (64 bytes)
1717098289.600047 sending message 105 to peer 0x120008000 (22 bytes)
1717098289.600051 sending message 105 to peer 0x120008000 (70 bytes)
1717098289.600055 sending message 105 to peer 0x120008000 (43 bytes)
1717098289.600060 sending message 105 to peer 0x120008000 (29 bytes)
1717098289.600064 sending message 105 to peer 0x120008000 (44 bytes)
1717098289.600068 sending message 105 to peer 0x120008000 (24 bytes)
1717098289.600072 sending message 105 to peer 0x120008000 (14 bytes)
1717098289.600077 sending message 105 to peer 0x120008000 (28 bytes)
1717098289.600081 sending message 105 to peer 0x120008000 (13 bytes)
1717098289.600085 sending message 105 to peer 0x120008000 (20 bytes)
1717098289.600089 sending message 105 to peer 0x120008000 (32 bytes)
1717098289.600094 sending message 105 to peer 0x120008000 (20 bytes)
1717098289.600098 sending message 105 to peer 0x120008000 (57 bytes)
1717098289.600102 sending message 105 to peer 0x120008000 (490 bytes)
1717098289.600107 sending message 105 to peer 0x120008000 (39 bytes)
1717098289.600111 sending message 105 to peer 0x120008000 (70 bytes)
1717098289.600127 sending message 105 to peer 0x120008000 (25 bytes)
1717098289.600132 sending message 105 to peer 0x120008000 (8 bytes)
1717098289.600136 sending message 105 to peer 0x120008000 (18 bytes)
1717098289.600140 sending message 105 to peer 0x120008000 (25 bytes)
1717098289.600145 sending message 105 to peer 0x120008000 (61 bytes)
1717098289.600149 sending message 105 to peer 0x120008000 (21 bytes)
1717098289.600153 sending message 105 to peer 0x120008000 (60 bytes)
1717098289.600158 sending message 105 to peer 0x120008000 (53 bytes)
1717098289.600162 sending message 105 to peer 0x120008000 (11 bytes)
1717098289.600166 sending message 105 to peer 0x120008000 (72 bytes)
1717098289.600170 sending message 105 to peer 0x120008000 (48 bytes)
1717098289.600175 sending message 105 to peer 0x120008000 (66 bytes)
1717098289.600179 sending message 105 to peer 0x120008000 (17 bytes)
1717098289.600183 sending message 105 to peer 0x120008000 (14 bytes)
1717098289.600187 sending message 105 to peer 0x120008000 (48 bytes)
1717098289.600192 sending message 105 to peer 0x120008000 (58 bytes)
1717098289.600196 sending message 105 to peer 0x120008000 (7 bytes)
1717098289.600200 sending message 105 to peer 0x120008000 (15 bytes)
1717098289.600204 sending message 106 to peer 0x120008000 (0 bytes)
1717098289.600275 sending message 200 to peer 0x120008000 (4 bytes)
1717098289.600282 client loop enter
1717098289.600530 peer 0x120008000 message 303
1717098289.600547 open write file 2 -
1717098289.600578 sending message 305 to peer 0x120008000 (8 bytes)
1717098289.600595 write check file 2
1717098289.600641 peer 0x120008000 message 304
1717098289.600662 write 58 to file 2
1717098289.600680 peer 0x120008000 message 203
1717098289.600689 file 2 58 bytes left
1717098289.600706 write check file 2
1717098289.600712 client loop exit
