1717341080.314763 client started (58282): version 3.4, socket /private/tmp/tmux-501/default, protocol 8
1717341080.314838 on Darwin 23.5.0 Darwin Kernel Version 23.5.0: Wed May  1 20:16:51 PDT 2024; root:xnu-10063.121.3~5/RELEASE_ARM64_T8103
1717341080.314856 using libevent 2.1.12-stable select
1717341080.315043 using utf8proc 2.9.0
1717341080.315071 using ncurses 6.5 20240427
1717341080.315107 flags are 0x18010000
1717341080.315118 socket is /private/tmp/tmux-501/default
1717341080.315133 trying connect
1717341080.315188 add peer 0x138008000: 6 (0x0)
1717341080.318029 sending message 100 to peer 0x138008000 (4 bytes)
1717341080.318050 sending message 111 to peer 0x138008000 (8 bytes)
1717341080.318060 sending message 101 to peer 0x138008000 (15 bytes)
1717341080.318068 sending message 109 to peer 0x138008000 (4 bytes)
1717341080.318076 sending message 102 to peer 0x138008000 (13 bytes)
1717341080.318083 sending message 108 to peer 0x138008000 (31 bytes)
1717341080.318091 sending message 112 to peer 0x138008000 (58 bytes)
1717341080.318098 sending message 112 to peer 0x138008000 (5 bytes)
1717341080.318105 sending message 112 to peer 0x138008000 (5 bytes)
1717341080.318112 sending message 112 to peer 0x138008000 (6 bytes)
1717341080.318119 sending message 112 to peer 0x138008000 (6 bytes)
1717341080.318127 sending message 112 to peer 0x138008000 (11 bytes)
1717341080.318134 sending message 112 to peer 0x138008000 (10 bytes)
1717341080.318141 sending message 112 to peer 0x138008000 (13 bytes)
1717341080.318148 sending message 112 to peer 0x138008000 (14 bytes)
1717341080.318155 sending message 112 to peer 0x138008000 (19 bytes)
1717341080.318162 sending message 112 to peer 0x138008000 (11 bytes)
1717341080.318169 sending message 112 to peer 0x138008000 (10 bytes)
1717341080.318176 sending message 112 to peer 0x138008000 (15 bytes)
1717341080.318183 sending message 112 to peer 0x138008000 (21 bytes)
1717341080.318189 sending message 112 to peer 0x138008000 (13 bytes)
1717341080.318196 sending message 112 to peer 0x138008000 (7 bytes)
1717341080.318203 sending message 112 to peer 0x138008000 (13 bytes)
1717341080.318210 sending message 112 to peer 0x138008000 (7 bytes)
1717341080.318217 sending message 112 to peer 0x138008000 (13 bytes)
1717341080.318224 sending message 112 to peer 0x138008000 (9 bytes)
1717341080.318231 sending message 112 to peer 0x138008000 (21 bytes)
1717341080.318238 sending message 112 to peer 0x138008000 (13 bytes)
1717341080.318245 sending message 112 to peer 0x138008000 (9 bytes)
1717341080.318252 sending message 112 to peer 0x138008000 (16 bytes)
1717341080.318259 sending message 112 to peer 0x138008000 (13 bytes)
1717341080.318266 sending message 112 to peer 0x138008000 (9 bytes)
1717341080.318273 sending message 112 to peer 0x138008000 (9 bytes)
1717341080.318280 sending message 112 to peer 0x138008000 (12 bytes)
1717341080.318287 sending message 112 to peer 0x138008000 (8 bytes)
1717341080.318293 sending message 112 to peer 0x138008000 (8 bytes)
1717341080.318300 sending message 112 to peer 0x138008000 (13 bytes)
1717341080.318307 sending message 112 to peer 0x138008000 (7 bytes)
1717341080.318314 sending message 112 to peer 0x138008000 (7 bytes)
1717341080.318321 sending message 112 to peer 0x138008000 (9 bytes)
1717341080.318328 sending message 112 to peer 0x138008000 (9 bytes)
1717341080.318335 sending message 112 to peer 0x138008000 (15 bytes)
1717341080.318342 sending message 112 to peer 0x138008000 (13 bytes)
1717341080.318349 sending message 112 to peer 0x138008000 (12 bytes)
1717341080.318356 sending message 112 to peer 0x138008000 (8 bytes)
1717341080.318363 sending message 112 to peer 0x138008000 (14 bytes)
1717341080.318369 sending message 112 to peer 0x138008000 (11 bytes)
1717341080.318376 sending message 112 to peer 0x138008000 (9 bytes)
1717341080.318383 sending message 112 to peer 0x138008000 (10 bytes)
1717341080.318390 sending message 112 to peer 0x138008000 (10 bytes)
1717341080.318397 sending message 112 to peer 0x138008000 (10 bytes)
1717341080.318404 sending message 112 to peer 0x138008000 (10 bytes)
1717341080.318425 sending message 112 to peer 0x138008000 (11 bytes)
1717341080.318430 sending message 112 to peer 0x138008000 (12 bytes)
1717341080.318435 sending message 112 to peer 0x138008000 (12 bytes)
1717341080.318441 sending message 112 to peer 0x138008000 (12 bytes)
1717341080.318446 sending message 112 to peer 0x138008000 (12 bytes)
1717341080.318451 sending message 112 to peer 0x138008000 (12 bytes)
1717341080.318456 sending message 112 to peer 0x138008000 (11 bytes)
1717341080.318461 sending message 112 to peer 0x138008000 (11 bytes)
1717341080.318466 sending message 112 to peer 0x138008000 (12 bytes)
1717341080.318471 sending message 112 to peer 0x138008000 (12 bytes)
1717341080.318476 sending message 112 to peer 0x138008000 (12 bytes)
1717341080.318481 sending message 112 to peer 0x138008000 (12 bytes)
1717341080.318486 sending message 112 to peer 0x138008000 (12 bytes)
1717341080.318491 sending message 112 to peer 0x138008000 (9 bytes)
1717341080.318496 sending message 112 to peer 0x138008000 (12 bytes)
1717341080.318501 sending message 112 to peer 0x138008000 (13 bytes)
1717341080.318507 sending message 112 to peer 0x138008000 (13 bytes)
1717341080.318511 sending message 112 to peer 0x138008000 (13 bytes)
1717341080.318516 sending message 112 to peer 0x138008000 (13 bytes)
1717341080.318521 sending message 112 to peer 0x138008000 (13 bytes)
1717341080.318526 sending message 112 to peer 0x138008000 (8 bytes)
1717341080.318531 sending message 112 to peer 0x138008000 (11 bytes)
1717341080.318537 sending message 112 to peer 0x138008000 (11 bytes)
1717341080.318541 sending message 112 to peer 0x138008000 (11 bytes)
1717341080.318546 sending message 112 to peer 0x138008000 (12 bytes)
1717341080.318552 sending message 112 to peer 0x138008000 (12 bytes)
1717341080.318556 sending message 112 to peer 0x138008000 (12 bytes)
1717341080.318561 sending message 112 to peer 0x138008000 (12 bytes)
1717341080.318567 sending message 112 to peer 0x138008000 (13 bytes)
1717341080.318571 sending message 112 to peer 0x138008000 (13 bytes)
1717341080.318576 sending message 112 to peer 0x138008000 (13 bytes)
1717341080.318581 sending message 112 to peer 0x138008000 (8 bytes)
1717341080.318586 sending message 112 to peer 0x138008000 (13 bytes)
1717341080.318591 sending message 112 to peer 0x138008000 (13 bytes)
1717341080.318596 sending message 112 to peer 0x138008000 (13 bytes)
1717341080.318601 sending message 112 to peer 0x138008000 (13 bytes)
1717341080.318606 sending message 112 to peer 0x138008000 (13 bytes)
1717341080.318611 sending message 112 to peer 0x138008000 (12 bytes)
1717341080.318616 sending message 112 to peer 0x138008000 (12 bytes)
1717341080.318621 sending message 112 to peer 0x138008000 (12 bytes)
1717341080.318627 sending message 112 to peer 0x138008000 (12 bytes)
1717341080.318631 sending message 112 to peer 0x138008000 (13 bytes)
1717341080.318636 sending message 112 to peer 0x138008000 (8 bytes)
1717341080.318642 sending message 112 to peer 0x138008000 (13 bytes)
1717341080.318646 sending message 112 to peer 0x138008000 (13 bytes)
1717341080.318651 sending message 112 to peer 0x138008000 (13 bytes)
1717341080.318656 sending message 112 to peer 0x138008000 (13 bytes)
1717341080.318662 sending message 112 to peer 0x138008000 (13 bytes)
1717341080.318666 sending message 112 to peer 0x138008000 (13 bytes)
1717341080.318671 sending message 112 to peer 0x138008000 (13 bytes)
1717341080.318676 sending message 112 to peer 0x138008000 (12 bytes)
1717341080.318681 sending message 112 to peer 0x138008000 (12 bytes)
1717341080.318686 sending message 112 to peer 0x138008000 (12 bytes)
1717341080.318691 sending message 112 to peer 0x138008000 (8 bytes)
1717341080.318696 sending message 112 to peer 0x138008000 (12 bytes)
1717341080.318701 sending message 112 to peer 0x138008000 (13 bytes)
1717341080.318706 sending message 112 to peer 0x138008000 (13 bytes)
1717341080.318711 sending message 112 to peer 0x138008000 (13 bytes)
1717341080.318716 sending message 112 to peer 0x138008000 (13 bytes)
1717341080.318721 sending message 112 to peer 0x138008000 (13 bytes)
1717341080.318735 sending message 112 to peer 0x138008000 (13 bytes)
1717341080.318741 sending message 112 to peer 0x138008000 (13 bytes)
1717341080.318746 sending message 112 to peer 0x138008000 (13 bytes)
1717341080.318751 sending message 112 to peer 0x138008000 (12 bytes)
1717341080.318756 sending message 112 to peer 0x138008000 (10 bytes)
1717341080.318761 sending message 112 to peer 0x138008000 (12 bytes)
1717341080.318766 sending message 112 to peer 0x138008000 (12 bytes)
1717341080.318771 sending message 112 to peer 0x138008000 (12 bytes)
1717341080.318776 sending message 112 to peer 0x138008000 (13 bytes)
1717341080.318781 sending message 112 to peer 0x138008000 (13 bytes)
1717341080.318786 sending message 112 to peer 0x138008000 (13 bytes)
1717341080.318791 sending message 112 to peer 0x138008000 (13 bytes)
1717341080.318796 sending message 112 to peer 0x138008000 (13 bytes)
1717341080.318801 sending message 112 to peer 0x138008000 (13 bytes)
1717341080.318806 sending message 112 to peer 0x138008000 (13 bytes)
1717341080.318811 sending message 112 to peer 0x138008000 (10 bytes)
1717341080.318816 sending message 112 to peer 0x138008000 (13 bytes)
1717341080.318821 sending message 112 to peer 0x138008000 (12 bytes)
1717341080.318826 sending message 112 to peer 0x138008000 (12 bytes)
1717341080.318831 sending message 112 to peer 0x138008000 (12 bytes)
1717341080.318836 sending message 112 to peer 0x138008000 (10 bytes)
1717341080.318841 sending message 112 to peer 0x138008000 (10 bytes)
1717341080.318846 sending message 112 to peer 0x138008000 (10 bytes)
1717341080.318851 sending message 112 to peer 0x138008000 (12 bytes)
1717341080.318856 sending message 112 to peer 0x138008000 (13 bytes)
1717341080.318861 sending message 112 to peer 0x138008000 (13 bytes)
1717341080.318866 sending message 112 to peer 0x138008000 (13 bytes)
1717341080.318871 sending message 112 to peer 0x138008000 (13 bytes)
1717341080.318876 sending message 112 to peer 0x138008000 (13 bytes)
1717341080.318881 sending message 112 to peer 0x138008000 (10 bytes)
1717341080.318886 sending message 112 to peer 0x138008000 (11 bytes)
1717341080.318891 sending message 112 to peer 0x138008000 (12 bytes)
1717341080.318895 sending message 112 to peer 0x138008000 (12 bytes)
1717341080.318900 sending message 112 to peer 0x138008000 (12 bytes)
1717341080.318905 sending message 112 to peer 0x138008000 (12 bytes)
1717341080.318910 sending message 112 to peer 0x138008000 (12 bytes)
1717341080.318915 sending message 112 to peer 0x138008000 (11 bytes)
1717341080.318920 sending message 112 to peer 0x138008000 (12 bytes)
1717341080.318925 sending message 112 to peer 0x138008000 (12 bytes)
1717341080.318930 sending message 112 to peer 0x138008000 (13 bytes)
1717341080.318935 sending message 112 to peer 0x138008000 (13 bytes)
1717341080.318940 sending message 112 to peer 0x138008000 (13 bytes)
1717341080.318945 sending message 112 to peer 0x138008000 (13 bytes)
1717341080.318950 sending message 112 to peer 0x138008000 (13 bytes)
1717341080.318955 sending message 112 to peer 0x138008000 (10 bytes)
1717341080.318960 sending message 112 to peer 0x138008000 (9 bytes)
1717341080.318965 sending message 112 to peer 0x138008000 (12 bytes)
1717341080.318970 sending message 112 to peer 0x138008000 (13 bytes)
1717341080.318975 sending message 112 to peer 0x138008000 (13 bytes)
1717341080.318980 sending message 112 to peer 0x138008000 (13 bytes)
1717341080.318985 sending message 112 to peer 0x138008000 (13 bytes)
1717341080.318990 sending message 112 to peer 0x138008000 (13 bytes)
1717341080.318995 sending message 112 to peer 0x138008000 (9 bytes)
1717341080.319000 sending message 112 to peer 0x138008000 (12 bytes)
1717341080.319005 sending message 112 to peer 0x138008000 (13 bytes)
1717341080.319010 sending message 112 to peer 0x138008000 (13 bytes)
1717341080.319014 sending message 112 to peer 0x138008000 (13 bytes)
1717341080.319019 sending message 112 to peer 0x138008000 (13 bytes)
1717341080.319024 sending message 112 to peer 0x138008000 (13 bytes)
1717341080.319036 sending message 112 to peer 0x138008000 (11 bytes)
1717341080.319041 sending message 112 to peer 0x138008000 (12 bytes)
1717341080.319047 sending message 112 to peer 0x138008000 (13 bytes)
1717341080.319051 sending message 112 to peer 0x138008000 (13 bytes)
1717341080.319056 sending message 112 to peer 0x138008000 (13 bytes)
1717341080.319061 sending message 112 to peer 0x138008000 (13 bytes)
1717341080.319066 sending message 112 to peer 0x138008000 (13 bytes)
1717341080.319071 sending message 112 to peer 0x138008000 (11 bytes)
1717341080.319076 sending message 112 to peer 0x138008000 (12 bytes)
1717341080.319081 sending message 112 to peer 0x138008000 (12 bytes)
1717341080.319086 sending message 112 to peer 0x138008000 (12 bytes)
1717341080.319091 sending message 112 to peer 0x138008000 (12 bytes)
1717341080.319096 sending message 112 to peer 0x138008000 (12 bytes)
1717341080.319101 sending message 112 to peer 0x138008000 (21 bytes)
1717341080.319106 sending message 112 to peer 0x138008000 (12 bytes)
1717341080.319111 sending message 112 to peer 0x138008000 (9 bytes)
1717341080.319116 sending message 112 to peer 0x138008000 (6 bytes)
1717341080.319121 sending message 112 to peer 0x138008000 (13 bytes)
1717341080.319126 sending message 112 to peer 0x138008000 (10 bytes)
1717341080.319131 sending message 112 to peer 0x138008000 (24 bytes)
1717341080.319136 sending message 112 to peer 0x138008000 (13 bytes)
1717341080.319141 sending message 112 to peer 0x138008000 (9 bytes)
1717341080.319146 sending message 112 to peer 0x138008000 (70 bytes)
1717341080.319152 sending message 112 to peer 0x138008000 (69 bytes)
1717341080.319156 sending message 112 to peer 0x138008000 (12 bytes)
1717341080.319161 sending message 112 to peer 0x138008000 (10 bytes)
1717341080.319166 sending message 112 to peer 0x138008000 (10 bytes)
1717341080.319171 sending message 112 to peer 0x138008000 (24 bytes)
1717341080.319177 sending message 112 to peer 0x138008000 (13 bytes)
1717341080.319182 sending message 112 to peer 0x138008000 (10 bytes)
1717341080.319187 sending message 112 to peer 0x138008000 (10 bytes)
1717341080.319192 sending message 112 to peer 0x138008000 (10 bytes)
1717341080.319197 sending message 112 to peer 0x138008000 (13 bytes)
1717341080.319201 sending message 112 to peer 0x138008000 (15 bytes)
1717341080.319207 sending message 112 to peer 0x138008000 (5 bytes)
1717341080.319213 sending message 104 to peer 0x138008000 (0 bytes)
1717341080.319219 sending message 110 to peer 0x138008000 (0 bytes)
1717341080.319224 sending message 107 to peer 0x138008000 (4 bytes)
1717341080.319229 sending message 105 to peer 0x138008000 (35 bytes)
1717341080.319235 sending message 105 to peer 0x138008000 (24 bytes)
1717341080.319240 sending message 105 to peer 0x138008000 (21 bytes)
1717341080.319245 sending message 105 to peer 0x138008000 (14 bytes)
1717341080.319250 sending message 105 to peer 0x138008000 (17 bytes)
1717341080.319255 sending message 105 to peer 0x138008000 (29 bytes)
1717341080.319260 sending message 105 to peer 0x138008000 (44 bytes)
1717341080.319265 sending message 105 to peer 0x138008000 (71 bytes)
1717341080.319270 sending message 105 to peer 0x138008000 (79 bytes)
1717341080.319276 sending message 105 to peer 0x138008000 (22 bytes)
1717341080.319280 sending message 105 to peer 0x138008000 (64 bytes)
1717341080.319286 sending message 105 to peer 0x138008000 (368 bytes)
1717341080.319291 sending message 105 to peer 0x138008000 (20 bytes)
1717341080.319296 sending message 105 to peer 0x138008000 (12 bytes)
1717341080.319301 sending message 105 to peer 0x138008000 (21 bytes)
1717341080.319307 sending message 105 to peer 0x138008000 (46 bytes)
1717341080.319312 sending message 105 to peer 0x138008000 (58 bytes)
1717341080.319317 sending message 105 to peer 0x138008000 (15 bytes)
1717341080.319322 sending message 105 to peer 0x138008000 (72 bytes)
1717341080.319327 sending message 105 to peer 0x138008000 (57 bytes)
1717341080.319332 sending message 105 to peer 0x138008000 (20 bytes)
1717341080.319346 sending message 105 to peer 0x138008000 (66 bytes)
1717341080.319351 sending message 105 to peer 0x138008000 (28 bytes)
1717341080.319357 sending message 105 to peer 0x138008000 (66 bytes)
1717341080.319362 sending message 105 to peer 0x138008000 (38 bytes)
1717341080.319367 sending message 105 to peer 0x138008000 (8 bytes)
1717341080.319372 sending message 106 to peer 0x138008000 (0 bytes)
1717341080.319459 sending message 200 to peer 0x138008000 (4 bytes)
1717341080.319469 client loop enter
1717341080.319489 client loop exit
