1717098486.292497 client started (34200): version 3.4, socket /private/tmp/tmux-501/default, protocol 8
1717098486.292559 on Darwin 23.5.0 Darwin Kernel Version 23.5.0: Wed May  1 20:16:51 PDT 2024; root:xnu-10063.121.3~5/RELEASE_ARM64_T8103
1717098486.292575 using libevent 2.1.12-stable select
1717098486.292586 using utf8proc 2.9.0
1717098486.292594 using ncurses 6.5 20240427
1717098486.292617 flags are 0x10010000
1717098486.292625 socket is /private/tmp/tmux-501/default
1717098486.292637 trying connect
1717098486.292691 add peer 0x150008000: 6 (0x0)
1717098486.295066 sending message 100 to peer 0x150008000 (4 bytes)
1717098486.295087 sending message 111 to peer 0x150008000 (8 bytes)
1717098486.295096 sending message 101 to peer 0x150008000 (15 bytes)
1717098486.295104 sending message 109 to peer 0x150008000 (4 bytes)
1717098486.295110 sending message 102 to peer 0x150008000 (13 bytes)
1717098486.295117 sending message 108 to peer 0x150008000 (31 bytes)
1717098486.295123 sending message 112 to peer 0x150008000 (58 bytes)
1717098486.295130 sending message 112 to peer 0x150008000 (5 bytes)
1717098486.295136 sending message 112 to peer 0x150008000 (5 bytes)
1717098486.295142 sending message 112 to peer 0x150008000 (6 bytes)
1717098486.295149 sending message 112 to peer 0x150008000 (6 bytes)
1717098486.295155 sending message 112 to peer 0x150008000 (11 bytes)
1717098486.295161 sending message 112 to peer 0x150008000 (10 bytes)
1717098486.295167 sending message 112 to peer 0x150008000 (13 bytes)
1717098486.295174 sending message 112 to peer 0x150008000 (14 bytes)
1717098486.295180 sending message 112 to peer 0x150008000 (19 bytes)
1717098486.295186 sending message 112 to peer 0x150008000 (11 bytes)
1717098486.295192 sending message 112 to peer 0x150008000 (10 bytes)
1717098486.295198 sending message 112 to peer 0x150008000 (15 bytes)
1717098486.295204 sending message 112 to peer 0x150008000 (21 bytes)
1717098486.295211 sending message 112 to peer 0x150008000 (13 bytes)
1717098486.295217 sending message 112 to peer 0x150008000 (7 bytes)
1717098486.295223 sending message 112 to peer 0x150008000 (13 bytes)
1717098486.295229 sending message 112 to peer 0x150008000 (7 bytes)
1717098486.295236 sending message 112 to peer 0x150008000 (13 bytes)
1717098486.295242 sending message 112 to peer 0x150008000 (9 bytes)
1717098486.295248 sending message 112 to peer 0x150008000 (21 bytes)
1717098486.295254 sending message 112 to peer 0x150008000 (13 bytes)
1717098486.295260 sending message 112 to peer 0x150008000 (9 bytes)
1717098486.295267 sending message 112 to peer 0x150008000 (16 bytes)
1717098486.295273 sending message 112 to peer 0x150008000 (13 bytes)
1717098486.295279 sending message 112 to peer 0x150008000 (9 bytes)
1717098486.295285 sending message 112 to peer 0x150008000 (9 bytes)
1717098486.295291 sending message 112 to peer 0x150008000 (12 bytes)
1717098486.295297 sending message 112 to peer 0x150008000 (8 bytes)
1717098486.295304 sending message 112 to peer 0x150008000 (8 bytes)
1717098486.295310 sending message 112 to peer 0x150008000 (13 bytes)
1717098486.295316 sending message 112 to peer 0x150008000 (7 bytes)
1717098486.295322 sending message 112 to peer 0x150008000 (7 bytes)
1717098486.295328 sending message 112 to peer 0x150008000 (9 bytes)
1717098486.295334 sending message 112 to peer 0x150008000 (9 bytes)
1717098486.295340 sending message 112 to peer 0x150008000 (15 bytes)
1717098486.295347 sending message 112 to peer 0x150008000 (13 bytes)
1717098486.295353 sending message 112 to peer 0x150008000 (12 bytes)
1717098486.295359 sending message 112 to peer 0x150008000 (8 bytes)
1717098486.295365 sending message 112 to peer 0x150008000 (14 bytes)
1717098486.295371 sending message 112 to peer 0x150008000 (11 bytes)
1717098486.295377 sending message 112 to peer 0x150008000 (9 bytes)
1717098486.295383 sending message 112 to peer 0x150008000 (10 bytes)
1717098486.295389 sending message 112 to peer 0x150008000 (10 bytes)
1717098486.295395 sending message 112 to peer 0x150008000 (10 bytes)
1717098486.295402 sending message 112 to peer 0x150008000 (10 bytes)
1717098486.295419 sending message 112 to peer 0x150008000 (11 bytes)
1717098486.295424 sending message 112 to peer 0x150008000 (12 bytes)
1717098486.295428 sending message 112 to peer 0x150008000 (12 bytes)
1717098486.295433 sending message 112 to peer 0x150008000 (12 bytes)
1717098486.295437 sending message 112 to peer 0x150008000 (12 bytes)
1717098486.295441 sending message 112 to peer 0x150008000 (12 bytes)
1717098486.295445 sending message 112 to peer 0x150008000 (11 bytes)
1717098486.295449 sending message 112 to peer 0x150008000 (11 bytes)
1717098486.295454 sending message 112 to peer 0x150008000 (12 bytes)
1717098486.295458 sending message 112 to peer 0x150008000 (12 bytes)
1717098486.295462 sending message 112 to peer 0x150008000 (12 bytes)
1717098486.295466 sending message 112 to peer 0x150008000 (12 bytes)
1717098486.295485 sending message 112 to peer 0x150008000 (12 bytes)
1717098486.295489 sending message 112 to peer 0x150008000 (9 bytes)
1717098486.295494 sending message 112 to peer 0x150008000 (12 bytes)
1717098486.295498 sending message 112 to peer 0x150008000 (13 bytes)
1717098486.295502 sending message 112 to peer 0x150008000 (13 bytes)
1717098486.295506 sending message 112 to peer 0x150008000 (13 bytes)
1717098486.295511 sending message 112 to peer 0x150008000 (13 bytes)
1717098486.295515 sending message 112 to peer 0x150008000 (13 bytes)
1717098486.295519 sending message 112 to peer 0x150008000 (8 bytes)
1717098486.295523 sending message 112 to peer 0x150008000 (11 bytes)
1717098486.295528 sending message 112 to peer 0x150008000 (11 bytes)
1717098486.295532 sending message 112 to peer 0x150008000 (11 bytes)
1717098486.295536 sending message 112 to peer 0x150008000 (12 bytes)
1717098486.295540 sending message 112 to peer 0x150008000 (12 bytes)
1717098486.295544 sending message 112 to peer 0x150008000 (12 bytes)
1717098486.295548 sending message 112 to peer 0x150008000 (12 bytes)
1717098486.295553 sending message 112 to peer 0x150008000 (13 bytes)
1717098486.295557 sending message 112 to peer 0x150008000 (13 bytes)
1717098486.295561 sending message 112 to peer 0x150008000 (13 bytes)
1717098486.295565 sending message 112 to peer 0x150008000 (8 bytes)
1717098486.295569 sending message 112 to peer 0x150008000 (13 bytes)
1717098486.295573 sending message 112 to peer 0x150008000 (13 bytes)
1717098486.295578 sending message 112 to peer 0x150008000 (13 bytes)
1717098486.295582 sending message 112 to peer 0x150008000 (13 bytes)
1717098486.295586 sending message 112 to peer 0x150008000 (13 bytes)
1717098486.295590 sending message 112 to peer 0x150008000 (12 bytes)
1717098486.295594 sending message 112 to peer 0x150008000 (12 bytes)
1717098486.295599 sending message 112 to peer 0x150008000 (12 bytes)
1717098486.295603 sending message 112 to peer 0x150008000 (12 bytes)
1717098486.295607 sending message 112 to peer 0x150008000 (13 bytes)
1717098486.295611 sending message 112 to peer 0x150008000 (8 bytes)
1717098486.295615 sending message 112 to peer 0x150008000 (13 bytes)
1717098486.295619 sending message 112 to peer 0x150008000 (13 bytes)
1717098486.295623 sending message 112 to peer 0x150008000 (13 bytes)
1717098486.295628 sending message 112 to peer 0x150008000 (13 bytes)
1717098486.295632 sending message 112 to peer 0x150008000 (13 bytes)
1717098486.295636 sending message 112 to peer 0x150008000 (13 bytes)
1717098486.295640 sending message 112 to peer 0x150008000 (13 bytes)
1717098486.295644 sending message 112 to peer 0x150008000 (12 bytes)
1717098486.295648 sending message 112 to peer 0x150008000 (12 bytes)
1717098486.295653 sending message 112 to peer 0x150008000 (12 bytes)
1717098486.295657 sending message 112 to peer 0x150008000 (8 bytes)
1717098486.295661 sending message 112 to peer 0x150008000 (12 bytes)
1717098486.295665 sending message 112 to peer 0x150008000 (13 bytes)
1717098486.295669 sending message 112 to peer 0x150008000 (13 bytes)
1717098486.295673 sending message 112 to peer 0x150008000 (13 bytes)
1717098486.295677 sending message 112 to peer 0x150008000 (13 bytes)
1717098486.295681 sending message 112 to peer 0x150008000 (13 bytes)
1717098486.295694 sending message 112 to peer 0x150008000 (13 bytes)
1717098486.295698 sending message 112 to peer 0x150008000 (13 bytes)
1717098486.295702 sending message 112 to peer 0x150008000 (13 bytes)
1717098486.295707 sending message 112 to peer 0x150008000 (12 bytes)
1717098486.295711 sending message 112 to peer 0x150008000 (10 bytes)
1717098486.295715 sending message 112 to peer 0x150008000 (12 bytes)
1717098486.295719 sending message 112 to peer 0x150008000 (12 bytes)
1717098486.295724 sending message 112 to peer 0x150008000 (12 bytes)
1717098486.295728 sending message 112 to peer 0x150008000 (13 bytes)
1717098486.295732 sending message 112 to peer 0x150008000 (13 bytes)
1717098486.295737 sending message 112 to peer 0x150008000 (13 bytes)
1717098486.295741 sending message 112 to peer 0x150008000 (13 bytes)
1717098486.295745 sending message 112 to peer 0x150008000 (13 bytes)
1717098486.295749 sending message 112 to peer 0x150008000 (13 bytes)
1717098486.295753 sending message 112 to peer 0x150008000 (13 bytes)
1717098486.295757 sending message 112 to peer 0x150008000 (10 bytes)
1717098486.295762 sending message 112 to peer 0x150008000 (13 bytes)
1717098486.295766 sending message 112 to peer 0x150008000 (12 bytes)
1717098486.295770 sending message 112 to peer 0x150008000 (12 bytes)
1717098486.295774 sending message 112 to peer 0x150008000 (12 bytes)
1717098486.295778 sending message 112 to peer 0x150008000 (10 bytes)
1717098486.295783 sending message 112 to peer 0x150008000 (10 bytes)
1717098486.295787 sending message 112 to peer 0x150008000 (10 bytes)
1717098486.295791 sending message 112 to peer 0x150008000 (12 bytes)
1717098486.295795 sending message 112 to peer 0x150008000 (13 bytes)
1717098486.295799 sending message 112 to peer 0x150008000 (13 bytes)
1717098486.295804 sending message 112 to peer 0x150008000 (13 bytes)
1717098486.295808 sending message 112 to peer 0x150008000 (13 bytes)
1717098486.295812 sending message 112 to peer 0x150008000 (13 bytes)
1717098486.295816 sending message 112 to peer 0x150008000 (10 bytes)
1717098486.295820 sending message 112 to peer 0x150008000 (11 bytes)
1717098486.295825 sending message 112 to peer 0x150008000 (12 bytes)
1717098486.295829 sending message 112 to peer 0x150008000 (12 bytes)
1717098486.295833 sending message 112 to peer 0x150008000 (12 bytes)
1717098486.295837 sending message 112 to peer 0x150008000 (12 bytes)
1717098486.295841 sending message 112 to peer 0x150008000 (12 bytes)
1717098486.295846 sending message 112 to peer 0x150008000 (11 bytes)
1717098486.295850 sending message 112 to peer 0x150008000 (12 bytes)
1717098486.295854 sending message 112 to peer 0x150008000 (12 bytes)
1717098486.295858 sending message 112 to peer 0x150008000 (13 bytes)
1717098486.295862 sending message 112 to peer 0x150008000 (13 bytes)
1717098486.295866 sending message 112 to peer 0x150008000 (13 bytes)
1717098486.295870 sending message 112 to peer 0x150008000 (13 bytes)
1717098486.295875 sending message 112 to peer 0x150008000 (13 bytes)
1717098486.295879 sending message 112 to peer 0x150008000 (10 bytes)
1717098486.295883 sending message 112 to peer 0x150008000 (9 bytes)
1717098486.295887 sending message 112 to peer 0x150008000 (12 bytes)
1717098486.295891 sending message 112 to peer 0x150008000 (13 bytes)
1717098486.295895 sending message 112 to peer 0x150008000 (13 bytes)
1717098486.295899 sending message 112 to peer 0x150008000 (13 bytes)
1717098486.295904 sending message 112 to peer 0x150008000 (13 bytes)
1717098486.295908 sending message 112 to peer 0x150008000 (13 bytes)
1717098486.295912 sending message 112 to peer 0x150008000 (9 bytes)
1717098486.295916 sending message 112 to peer 0x150008000 (12 bytes)
1717098486.295920 sending message 112 to peer 0x150008000 (13 bytes)
1717098486.295924 sending message 112 to peer 0x150008000 (13 bytes)
1717098486.295929 sending message 112 to peer 0x150008000 (13 bytes)
1717098486.295933 sending message 112 to peer 0x150008000 (13 bytes)
1717098486.295937 sending message 112 to peer 0x150008000 (13 bytes)
1717098486.295947 sending message 112 to peer 0x150008000 (11 bytes)
1717098486.295952 sending message 112 to peer 0x150008000 (12 bytes)
1717098486.295956 sending message 112 to peer 0x150008000 (13 bytes)
1717098486.295960 sending message 112 to peer 0x150008000 (13 bytes)
1717098486.295964 sending message 112 to peer 0x150008000 (13 bytes)
1717098486.295969 sending message 112 to peer 0x150008000 (13 bytes)
1717098486.295973 sending message 112 to peer 0x150008000 (13 bytes)
1717098486.295977 sending message 112 to peer 0x150008000 (11 bytes)
1717098486.295981 sending message 112 to peer 0x150008000 (12 bytes)
1717098486.295985 sending message 112 to peer 0x150008000 (12 bytes)
1717098486.295989 sending message 112 to peer 0x150008000 (12 bytes)
1717098486.295994 sending message 112 to peer 0x150008000 (12 bytes)
1717098486.295998 sending message 112 to peer 0x150008000 (12 bytes)
1717098486.296002 sending message 112 to peer 0x150008000 (21 bytes)
1717098486.296006 sending message 112 to peer 0x150008000 (12 bytes)
1717098486.296010 sending message 112 to peer 0x150008000 (9 bytes)
1717098486.296015 sending message 112 to peer 0x150008000 (6 bytes)
1717098486.296019 sending message 112 to peer 0x150008000 (13 bytes)
1717098486.296023 sending message 112 to peer 0x150008000 (10 bytes)
1717098486.296027 sending message 112 to peer 0x150008000 (24 bytes)
1717098486.296031 sending message 112 to peer 0x150008000 (13 bytes)
1717098486.296035 sending message 112 to peer 0x150008000 (9 bytes)
1717098486.296040 sending message 112 to peer 0x150008000 (70 bytes)
1717098486.296044 sending message 112 to peer 0x150008000 (69 bytes)
1717098486.296048 sending message 112 to peer 0x150008000 (12 bytes)
1717098486.296052 sending message 112 to peer 0x150008000 (10 bytes)
1717098486.296057 sending message 112 to peer 0x150008000 (10 bytes)
1717098486.296061 sending message 112 to peer 0x150008000 (24 bytes)
1717098486.296065 sending message 112 to peer 0x150008000 (13 bytes)
1717098486.296069 sending message 112 to peer 0x150008000 (10 bytes)
1717098486.296074 sending message 112 to peer 0x150008000 (10 bytes)
1717098486.296078 sending message 112 to peer 0x150008000 (10 bytes)
1717098486.296082 sending message 112 to peer 0x150008000 (13 bytes)
1717098486.296086 sending message 112 to peer 0x150008000 (15 bytes)
1717098486.296090 sending message 112 to peer 0x150008000 (5 bytes)
1717098486.296096 sending message 104 to peer 0x150008000 (0 bytes)
1717098486.296101 sending message 110 to peer 0x150008000 (0 bytes)
1717098486.296106 sending message 107 to peer 0x150008000 (4 bytes)
1717098486.296110 sending message 105 to peer 0x150008000 (18 bytes)
1717098486.296114 sending message 105 to peer 0x150008000 (20 bytes)
1717098486.296118 sending message 105 to peer 0x150008000 (29 bytes)
1717098486.296123 sending message 105 to peer 0x150008000 (57 bytes)
1717098486.296127 sending message 105 to peer 0x150008000 (14 bytes)
1717098486.296131 sending message 105 to peer 0x150008000 (25 bytes)
1717098486.296135 sending message 105 to peer 0x150008000 (32 bytes)
1717098486.296139 sending message 105 to peer 0x150008000 (21 bytes)
1717098486.296144 sending message 105 to peer 0x150008000 (22 bytes)
1717098486.296148 sending message 105 to peer 0x150008000 (53 bytes)
1717098486.296152 sending message 105 to peer 0x150008000 (66 bytes)
1717098486.296156 sending message 105 to peer 0x150008000 (39 bytes)
1717098486.296160 sending message 105 to peer 0x150008000 (43 bytes)
1717098486.296165 sending message 105 to peer 0x150008000 (11 bytes)
1717098486.296169 sending message 105 to peer 0x150008000 (64 bytes)
1717098486.296173 sending message 105 to peer 0x150008000 (48 bytes)
1717098486.296178 sending message 105 to peer 0x150008000 (490 bytes)
1717098486.296182 sending message 105 to peer 0x150008000 (48 bytes)
1717098486.296187 sending message 105 to peer 0x150008000 (60 bytes)
1717098486.296191 sending message 105 to peer 0x150008000 (44 bytes)
1717098486.296195 sending message 105 to peer 0x150008000 (58 bytes)
1717098486.296208 sending message 105 to peer 0x150008000 (35 bytes)
1717098486.296212 sending message 105 to peer 0x150008000 (17 bytes)
1717098486.296217 sending message 105 to peer 0x150008000 (15 bytes)
1717098486.296221 sending message 105 to peer 0x150008000 (14 bytes)
1717098486.296225 sending message 105 to peer 0x150008000 (13 bytes)
1717098486.296229 sending message 105 to peer 0x150008000 (7 bytes)
1717098486.296234 sending message 105 to peer 0x150008000 (19 bytes)
1717098486.296238 sending message 105 to peer 0x150008000 (79 bytes)
1717098486.296242 sending message 105 to peer 0x150008000 (8 bytes)
1717098486.296246 sending message 105 to peer 0x150008000 (28 bytes)
1717098486.296250 sending message 105 to peer 0x150008000 (58 bytes)
1717098486.296255 sending message 105 to peer 0x150008000 (61 bytes)
1717098486.296259 sending message 105 to peer 0x150008000 (24 bytes)
1717098486.296266 sending message 105 to peer 0x150008000 (70 bytes)
1717098486.296271 sending message 105 to peer 0x150008000 (25 bytes)
1717098486.296275 sending message 105 to peer 0x150008000 (72 bytes)
1717098486.296279 sending message 105 to peer 0x150008000 (71 bytes)
1717098486.296283 sending message 105 to peer 0x150008000 (20 bytes)
1717098486.296288 sending message 105 to peer 0x150008000 (25 bytes)
1717098486.296292 sending message 106 to peer 0x150008000 (0 bytes)
1717098486.296360 sending message 200 to peer 0x150008000 (4 bytes)
1717098486.296368 client loop enter
1717098486.296590 peer 0x150008000 message 303
1717098486.296606 open write file 2 -
1717098486.296620 sending message 305 to peer 0x150008000 (8 bytes)
1717098486.296636 write check file 2
1717098486.296674 peer 0x150008000 message 304
1717098486.296680 write 58 to file 2
1717098486.296686 peer 0x150008000 message 203
1717098486.296690 file 2 58 bytes left
1717098486.296703 write check file 2
1717098486.296708 client loop exit
