1717099060.227268 client started (36879): version 3.4, socket /private/tmp/tmux-501/default, protocol 8
1717099060.227344 on Darwin 23.5.0 Darwin Kernel Version 23.5.0: Wed May  1 20:16:51 PDT 2024; root:xnu-10063.121.3~5/RELEASE_ARM64_T8103
1717099060.227361 using libevent 2.1.12-stable select
1717099060.227586 using utf8proc 2.9.0
1717099060.227599 using ncurses 6.5 20240427
1717099060.227622 flags are 0x18010000
1717099060.227630 socket is /private/tmp/tmux-501/default
1717099060.227644 trying connect
1717099060.227663 connect failed: Connection refused
1717099060.227682 lock file is /private/tmp/tmux-501/default.lock
1717099060.227775 flock succeeded
1717099060.227785 got lock (6)
1717099060.227794 trying connect
1717099060.227805 connect failed: Connection refused
1717099060.228276 add peer 0x150048000: 7 (0x0)
1717099060.231007 sending message 100 to peer 0x150048000 (4 bytes)
1717099060.231042 sending message 111 to peer 0x150048000 (8 bytes)
1717099060.231055 sending message 101 to peer 0x150048000 (15 bytes)
1717099060.231065 sending message 109 to peer 0x150048000 (4 bytes)
1717099060.231074 sending message 102 to peer 0x150048000 (13 bytes)
1717099060.231083 sending message 108 to peer 0x150048000 (31 bytes)
1717099060.231103 sending message 112 to peer 0x150048000 (58 bytes)
1717099060.231123 sending message 112 to peer 0x150048000 (5 bytes)
1717099060.231134 sending message 112 to peer 0x150048000 (5 bytes)
1717099060.231144 sending message 112 to peer 0x150048000 (6 bytes)
1717099060.231154 sending message 112 to peer 0x150048000 (6 bytes)
1717099060.231164 sending message 112 to peer 0x150048000 (11 bytes)
1717099060.231172 sending message 112 to peer 0x150048000 (10 bytes)
1717099060.231179 sending message 112 to peer 0x150048000 (13 bytes)
1717099060.231187 sending message 112 to peer 0x150048000 (14 bytes)
1717099060.231195 sending message 112 to peer 0x150048000 (19 bytes)
1717099060.231203 sending message 112 to peer 0x150048000 (11 bytes)
1717099060.231212 sending message 112 to peer 0x150048000 (10 bytes)
1717099060.231220 sending message 112 to peer 0x150048000 (15 bytes)
1717099060.231228 sending message 112 to peer 0x150048000 (21 bytes)
1717099060.231235 sending message 112 to peer 0x150048000 (13 bytes)
1717099060.231246 sending message 112 to peer 0x150048000 (7 bytes)
1717099060.231256 sending message 112 to peer 0x150048000 (13 bytes)
1717099060.231265 sending message 112 to peer 0x150048000 (7 bytes)
1717099060.231275 sending message 112 to peer 0x150048000 (13 bytes)
1717099060.231285 sending message 112 to peer 0x150048000 (9 bytes)
1717099060.231295 sending message 112 to peer 0x150048000 (21 bytes)
1717099060.231304 sending message 112 to peer 0x150048000 (13 bytes)
1717099060.231314 sending message 112 to peer 0x150048000 (9 bytes)
1717099060.231325 sending message 112 to peer 0x150048000 (16 bytes)
1717099060.231334 sending message 112 to peer 0x150048000 (13 bytes)
1717099060.231344 sending message 112 to peer 0x150048000 (9 bytes)
1717099060.231353 sending message 112 to peer 0x150048000 (9 bytes)
1717099060.231364 sending message 112 to peer 0x150048000 (12 bytes)
1717099060.231373 sending message 112 to peer 0x150048000 (8 bytes)
1717099060.231382 sending message 112 to peer 0x150048000 (8 bytes)
1717099060.231392 sending message 112 to peer 0x150048000 (13 bytes)
1717099060.231402 sending message 112 to peer 0x150048000 (7 bytes)
1717099060.231411 sending message 112 to peer 0x150048000 (7 bytes)
1717099060.231422 sending message 112 to peer 0x150048000 (9 bytes)
1717099060.231432 sending message 112 to peer 0x150048000 (9 bytes)
1717099060.231442 sending message 112 to peer 0x150048000 (15 bytes)
1717099060.231451 sending message 112 to peer 0x150048000 (13 bytes)
1717099060.231458 sending message 112 to peer 0x150048000 (12 bytes)
1717099060.231469 sending message 112 to peer 0x150048000 (8 bytes)
1717099060.231479 sending message 112 to peer 0x150048000 (14 bytes)
1717099060.231488 sending message 112 to peer 0x150048000 (11 bytes)
1717099060.231498 sending message 112 to peer 0x150048000 (9 bytes)
1717099060.231522 sending message 112 to peer 0x150048000 (10 bytes)
1717099060.231530 sending message 112 to peer 0x150048000 (10 bytes)
1717099060.231538 sending message 112 to peer 0x150048000 (10 bytes)
1717099060.231546 sending message 112 to peer 0x150048000 (10 bytes)
1717099060.231553 sending message 112 to peer 0x150048000 (11 bytes)
1717099060.231560 sending message 112 to peer 0x150048000 (12 bytes)
1717099060.231567 sending message 112 to peer 0x150048000 (12 bytes)
1717099060.231574 sending message 112 to peer 0x150048000 (12 bytes)
1717099060.231581 sending message 112 to peer 0x150048000 (12 bytes)
1717099060.231588 sending message 112 to peer 0x150048000 (12 bytes)
1717099060.231596 sending message 112 to peer 0x150048000 (11 bytes)
1717099060.231603 sending message 112 to peer 0x150048000 (11 bytes)
1717099060.231608 sending message 112 to peer 0x150048000 (12 bytes)
1717099060.231615 sending message 112 to peer 0x150048000 (12 bytes)
1717099060.231624 sending message 112 to peer 0x150048000 (12 bytes)
1717099060.231629 sending message 112 to peer 0x150048000 (12 bytes)
1717099060.231636 sending message 112 to peer 0x150048000 (12 bytes)
1717099060.231643 sending message 112 to peer 0x150048000 (9 bytes)
1717099060.231650 sending message 112 to peer 0x150048000 (12 bytes)
1717099060.231657 sending message 112 to peer 0x150048000 (13 bytes)
1717099060.231665 sending message 112 to peer 0x150048000 (13 bytes)
1717099060.231672 sending message 112 to peer 0x150048000 (13 bytes)
1717099060.231678 sending message 112 to peer 0x150048000 (13 bytes)
1717099060.231685 sending message 112 to peer 0x150048000 (13 bytes)
1717099060.231690 sending message 112 to peer 0x150048000 (8 bytes)
1717099060.231697 sending message 112 to peer 0x150048000 (11 bytes)
1717099060.231704 sending message 112 to peer 0x150048000 (11 bytes)
1717099060.231712 sending message 112 to peer 0x150048000 (11 bytes)
1717099060.231719 sending message 112 to peer 0x150048000 (12 bytes)
1717099060.231727 sending message 112 to peer 0x150048000 (12 bytes)
1717099060.231735 sending message 112 to peer 0x150048000 (12 bytes)
1717099060.231742 sending message 112 to peer 0x150048000 (12 bytes)
1717099060.231748 sending message 112 to peer 0x150048000 (13 bytes)
1717099060.231754 sending message 112 to peer 0x150048000 (13 bytes)
1717099060.231761 sending message 112 to peer 0x150048000 (13 bytes)
1717099060.231769 sending message 112 to peer 0x150048000 (8 bytes)
1717099060.231777 sending message 112 to peer 0x150048000 (13 bytes)
1717099060.231784 sending message 112 to peer 0x150048000 (13 bytes)
1717099060.231793 sending message 112 to peer 0x150048000 (13 bytes)
1717099060.231798 sending message 112 to peer 0x150048000 (13 bytes)
1717099060.231805 sending message 112 to peer 0x150048000 (13 bytes)
1717099060.231812 sending message 112 to peer 0x150048000 (12 bytes)
1717099060.231819 sending message 112 to peer 0x150048000 (12 bytes)
1717099060.231826 sending message 112 to peer 0x150048000 (12 bytes)
1717099060.231833 sending message 112 to peer 0x150048000 (12 bytes)
1717099060.231840 sending message 112 to peer 0x150048000 (13 bytes)
1717099060.231848 sending message 112 to peer 0x150048000 (8 bytes)
1717099060.231854 sending message 112 to peer 0x150048000 (13 bytes)
1717099060.231861 sending message 112 to peer 0x150048000 (13 bytes)
1717099060.231868 sending message 112 to peer 0x150048000 (13 bytes)
1717099060.231874 sending message 112 to peer 0x150048000 (13 bytes)
1717099060.231882 sending message 112 to peer 0x150048000 (13 bytes)
1717099060.231888 sending message 112 to peer 0x150048000 (13 bytes)
1717099060.231895 sending message 112 to peer 0x150048000 (13 bytes)
1717099060.231903 sending message 112 to peer 0x150048000 (12 bytes)
1717099060.231910 sending message 112 to peer 0x150048000 (12 bytes)
1717099060.231917 sending message 112 to peer 0x150048000 (12 bytes)
1717099060.231924 sending message 112 to peer 0x150048000 (8 bytes)
1717099060.231929 sending message 112 to peer 0x150048000 (12 bytes)
1717099060.231934 sending message 112 to peer 0x150048000 (13 bytes)
1717099060.231953 sending message 112 to peer 0x150048000 (13 bytes)
1717099060.231960 sending message 112 to peer 0x150048000 (13 bytes)
1717099060.231967 sending message 112 to peer 0x150048000 (13 bytes)
1717099060.231974 sending message 112 to peer 0x150048000 (13 bytes)
1717099060.231981 sending message 112 to peer 0x150048000 (13 bytes)
1717099060.231988 sending message 112 to peer 0x150048000 (13 bytes)
1717099060.231996 sending message 112 to peer 0x150048000 (13 bytes)
1717099060.232003 sending message 112 to peer 0x150048000 (12 bytes)
1717099060.232011 sending message 112 to peer 0x150048000 (10 bytes)
1717099060.232020 sending message 112 to peer 0x150048000 (12 bytes)
1717099060.232025 sending message 112 to peer 0x150048000 (12 bytes)
1717099060.232032 sending message 112 to peer 0x150048000 (12 bytes)
1717099060.232039 sending message 112 to peer 0x150048000 (13 bytes)
1717099060.232046 sending message 112 to peer 0x150048000 (13 bytes)
1717099060.232053 sending message 112 to peer 0x150048000 (13 bytes)
1717099060.232060 sending message 112 to peer 0x150048000 (13 bytes)
1717099060.232067 sending message 112 to peer 0x150048000 (13 bytes)
1717099060.232075 sending message 112 to peer 0x150048000 (13 bytes)
1717099060.232080 sending message 112 to peer 0x150048000 (13 bytes)
1717099060.232087 sending message 112 to peer 0x150048000 (10 bytes)
1717099060.232094 sending message 112 to peer 0x150048000 (13 bytes)
1717099060.232103 sending message 112 to peer 0x150048000 (12 bytes)
1717099060.232112 sending message 112 to peer 0x150048000 (12 bytes)
1717099060.232120 sending message 112 to peer 0x150048000 (12 bytes)
1717099060.232127 sending message 112 to peer 0x150048000 (10 bytes)
1717099060.232134 sending message 112 to peer 0x150048000 (10 bytes)
1717099060.232141 sending message 112 to peer 0x150048000 (10 bytes)
1717099060.232148 sending message 112 to peer 0x150048000 (12 bytes)
1717099060.232155 sending message 112 to peer 0x150048000 (13 bytes)
1717099060.232160 sending message 112 to peer 0x150048000 (13 bytes)
1717099060.232166 sending message 112 to peer 0x150048000 (13 bytes)
1717099060.232173 sending message 112 to peer 0x150048000 (13 bytes)
1717099060.232181 sending message 112 to peer 0x150048000 (13 bytes)
1717099060.232190 sending message 112 to peer 0x150048000 (10 bytes)
1717099060.232195 sending message 112 to peer 0x150048000 (11 bytes)
1717099060.232203 sending message 112 to peer 0x150048000 (12 bytes)
1717099060.232210 sending message 112 to peer 0x150048000 (12 bytes)
1717099060.232217 sending message 112 to peer 0x150048000 (12 bytes)
1717099060.232224 sending message 112 to peer 0x150048000 (12 bytes)
1717099060.232231 sending message 112 to peer 0x150048000 (12 bytes)
1717099060.232238 sending message 112 to peer 0x150048000 (11 bytes)
1717099060.232245 sending message 112 to peer 0x150048000 (12 bytes)
1717099060.232253 sending message 112 to peer 0x150048000 (12 bytes)
1717099060.232260 sending message 112 to peer 0x150048000 (13 bytes)
1717099060.232268 sending message 112 to peer 0x150048000 (13 bytes)
1717099060.232274 sending message 112 to peer 0x150048000 (13 bytes)
1717099060.232281 sending message 112 to peer 0x150048000 (13 bytes)
1717099060.232288 sending message 112 to peer 0x150048000 (13 bytes)
1717099060.232295 sending message 112 to peer 0x150048000 (10 bytes)
1717099060.232302 sending message 112 to peer 0x150048000 (9 bytes)
1717099060.232309 sending message 112 to peer 0x150048000 (12 bytes)
1717099060.232316 sending message 112 to peer 0x150048000 (13 bytes)
1717099060.232322 sending message 112 to peer 0x150048000 (13 bytes)
1717099060.232329 sending message 112 to peer 0x150048000 (13 bytes)
1717099060.232336 sending message 112 to peer 0x150048000 (13 bytes)
1717099060.232343 sending message 112 to peer 0x150048000 (13 bytes)
1717099060.232351 sending message 112 to peer 0x150048000 (9 bytes)
1717099060.232358 sending message 112 to peer 0x150048000 (12 bytes)
1717099060.232366 sending message 112 to peer 0x150048000 (13 bytes)
1717099060.232382 sending message 112 to peer 0x150048000 (13 bytes)
1717099060.232388 sending message 112 to peer 0x150048000 (13 bytes)
1717099060.232393 sending message 112 to peer 0x150048000 (13 bytes)
1717099060.232400 sending message 112 to peer 0x150048000 (13 bytes)
1717099060.232408 sending message 112 to peer 0x150048000 (11 bytes)
1717099060.232414 sending message 112 to peer 0x150048000 (12 bytes)
1717099060.232420 sending message 112 to peer 0x150048000 (13 bytes)
1717099060.232427 sending message 112 to peer 0x150048000 (13 bytes)
1717099060.232434 sending message 112 to peer 0x150048000 (13 bytes)
1717099060.232441 sending message 112 to peer 0x150048000 (13 bytes)
1717099060.232448 sending message 112 to peer 0x150048000 (13 bytes)
1717099060.232455 sending message 112 to peer 0x150048000 (11 bytes)
1717099060.232461 sending message 112 to peer 0x150048000 (12 bytes)
1717099060.232467 sending message 112 to peer 0x150048000 (12 bytes)
1717099060.232474 sending message 112 to peer 0x150048000 (12 bytes)
1717099060.232481 sending message 112 to peer 0x150048000 (12 bytes)
1717099060.232487 sending message 112 to peer 0x150048000 (12 bytes)
1717099060.232494 sending message 112 to peer 0x150048000 (21 bytes)
1717099060.232501 sending message 112 to peer 0x150048000 (12 bytes)
1717099060.232508 sending message 112 to peer 0x150048000 (9 bytes)
1717099060.232515 sending message 112 to peer 0x150048000 (6 bytes)
1717099060.232523 sending message 112 to peer 0x150048000 (13 bytes)
1717099060.232529 sending message 112 to peer 0x150048000 (10 bytes)
1717099060.232537 sending message 112 to peer 0x150048000 (24 bytes)
1717099060.232542 sending message 112 to peer 0x150048000 (13 bytes)
1717099060.232549 sending message 112 to peer 0x150048000 (9 bytes)
1717099060.232555 sending message 112 to peer 0x150048000 (70 bytes)
1717099060.232574 sending message 112 to peer 0x150048000 (69 bytes)
1717099060.232583 sending message 112 to peer 0x150048000 (12 bytes)
1717099060.232590 sending message 112 to peer 0x150048000 (10 bytes)
1717099060.232597 sending message 112 to peer 0x150048000 (10 bytes)
1717099060.232604 sending message 112 to peer 0x150048000 (24 bytes)
1717099060.232609 sending message 112 to peer 0x150048000 (13 bytes)
1717099060.232614 sending message 112 to peer 0x150048000 (10 bytes)
1717099060.232621 sending message 112 to peer 0x150048000 (10 bytes)
1717099060.232626 sending message 112 to peer 0x150048000 (10 bytes)
1717099060.232633 sending message 112 to peer 0x150048000 (13 bytes)
1717099060.232640 sending message 112 to peer 0x150048000 (15 bytes)
1717099060.232646 sending message 112 to peer 0x150048000 (5 bytes)
1717099060.232658 sending message 104 to peer 0x150048000 (0 bytes)
1717099060.232673 sending message 110 to peer 0x150048000 (0 bytes)
1717099060.232681 sending message 107 to peer 0x150048000 (4 bytes)
1717099060.232690 sending message 105 to peer 0x150048000 (35 bytes)
1717099060.232697 sending message 105 to peer 0x150048000 (24 bytes)
1717099060.232704 sending message 105 to peer 0x150048000 (21 bytes)
1717099060.232710 sending message 105 to peer 0x150048000 (72 bytes)
1717099060.232717 sending message 105 to peer 0x150048000 (79 bytes)
1717099060.232724 sending message 105 to peer 0x150048000 (8 bytes)
1717099060.232731 sending message 105 to peer 0x150048000 (25 bytes)
1717099060.232738 sending message 105 to peer 0x150048000 (29 bytes)
1717099060.232745 sending message 105 to peer 0x150048000 (44 bytes)
1717099060.232751 sending message 105 to peer 0x150048000 (22 bytes)
1717099060.232758 sending message 105 to peer 0x150048000 (64 bytes)
1717099060.232765 sending message 105 to peer 0x150048000 (70 bytes)
1717099060.232772 sending message 105 to peer 0x150048000 (39 bytes)
1717099060.232780 sending message 105 to peer 0x150048000 (490 bytes)
1717099060.232788 sending message 105 to peer 0x150048000 (14 bytes)
1717099060.232794 sending message 105 to peer 0x150048000 (28 bytes)
1717099060.232802 sending message 105 to peer 0x150048000 (46 bytes)
1717099060.232823 sending message 105 to peer 0x150048000 (21 bytes)
1717099060.232830 sending message 105 to peer 0x150048000 (61 bytes)
1717099060.232837 sending message 105 to peer 0x150048000 (66 bytes)
1717099060.232844 sending message 105 to peer 0x150048000 (20 bytes)
1717099060.232851 sending message 105 to peer 0x150048000 (57 bytes)
1717099060.232858 sending message 105 to peer 0x150048000 (7 bytes)
1717099060.232866 sending message 105 to peer 0x150048000 (15 bytes)
1717099060.232872 sending message 105 to peer 0x150048000 (48 bytes)
1717099060.232879 sending message 105 to peer 0x150048000 (58 bytes)
1717099060.232886 sending message 105 to peer 0x150048000 (17 bytes)
1717099060.232892 sending message 105 to peer 0x150048000 (14 bytes)
1717099060.232899 sending message 105 to peer 0x150048000 (11 bytes)
1717099060.232906 sending message 105 to peer 0x150048000 (53 bytes)
1717099060.232913 sending message 105 to peer 0x150048000 (71 bytes)
1717099060.232918 sending message 105 to peer 0x150048000 (58 bytes)
1717099060.232925 sending message 105 to peer 0x150048000 (20 bytes)
1717099060.232932 sending message 105 to peer 0x150048000 (32 bytes)
1717099060.232940 sending message 106 to peer 0x150048000 (0 bytes)
1717099060.233101 sending message 200 to peer 0x150048000 (4 bytes)
1717099060.233124 client loop enter
1717099060.233164 client_signal: Child exited: 20
1717099060.450830 peer 0x150048000 message 207
1717099060.450839 sending message 208 to peer 0x150048000 (0 bytes)
1717099165.710718 peer 0x150048000 message 203
1717099165.711021 sending message 205 to peer 0x150048000 (0 bytes)
1717099165.711353 peer 0x150048000 message 204
1717099165.711377 client loop exit
