1717099168.667178 client started (37403): version 3.4, socket /private/tmp/tmux-501/default, protocol 8
1717099168.667266 on Darwin 23.5.0 Darwin Kernel Version 23.5.0: Wed May  1 20:16:51 PDT 2024; root:xnu-10063.121.3~5/RELEASE_ARM64_T8103
1717099168.667286 using libevent 2.1.12-stable select
1717099168.667301 using utf8proc 2.9.0
1717099168.667311 using ncurses 6.5 20240427
1717099168.667340 flags are 0x18010000
1717099168.667350 socket is /private/tmp/tmux-501/default
1717099168.667367 trying connect
1717099168.667390 connect failed: Connection refused
1717099168.667413 lock file is /private/tmp/tmux-501/default.lock
1717099168.667528 flock succeeded
1717099168.667540 got lock (6)
1717099168.667551 trying connect
1717099168.667564 connect failed: Connection refused
1717099168.668065 add peer 0x118008000: 7 (0x0)
1717099168.671263 sending message 100 to peer 0x118008000 (4 bytes)
1717099168.671293 sending message 111 to peer 0x118008000 (8 bytes)
1717099168.671306 sending message 101 to peer 0x118008000 (15 bytes)
1717099168.671317 sending message 109 to peer 0x118008000 (4 bytes)
1717099168.671327 sending message 102 to peer 0x118008000 (13 bytes)
1717099168.671336 sending message 108 to peer 0x118008000 (31 bytes)
1717099168.671347 sending message 112 to peer 0x118008000 (58 bytes)
1717099168.671356 sending message 112 to peer 0x118008000 (5 bytes)
1717099168.671365 sending message 112 to peer 0x118008000 (5 bytes)
1717099168.671375 sending message 112 to peer 0x118008000 (6 bytes)
1717099168.671384 sending message 112 to peer 0x118008000 (6 bytes)
1717099168.671393 sending message 112 to peer 0x118008000 (11 bytes)
1717099168.671403 sending message 112 to peer 0x118008000 (10 bytes)
1717099168.671413 sending message 112 to peer 0x118008000 (13 bytes)
1717099168.671423 sending message 112 to peer 0x118008000 (14 bytes)
1717099168.671432 sending message 112 to peer 0x118008000 (19 bytes)
1717099168.671441 sending message 112 to peer 0x118008000 (11 bytes)
1717099168.671449 sending message 112 to peer 0x118008000 (10 bytes)
1717099168.671458 sending message 112 to peer 0x118008000 (15 bytes)
1717099168.671467 sending message 112 to peer 0x118008000 (21 bytes)
1717099168.671477 sending message 112 to peer 0x118008000 (13 bytes)
1717099168.671487 sending message 112 to peer 0x118008000 (7 bytes)
1717099168.671496 sending message 112 to peer 0x118008000 (13 bytes)
1717099168.671505 sending message 112 to peer 0x118008000 (7 bytes)
1717099168.671514 sending message 112 to peer 0x118008000 (13 bytes)
1717099168.671521 sending message 112 to peer 0x118008000 (9 bytes)
1717099168.671530 sending message 112 to peer 0x118008000 (21 bytes)
1717099168.671539 sending message 112 to peer 0x118008000 (13 bytes)
1717099168.671548 sending message 112 to peer 0x118008000 (9 bytes)
1717099168.671558 sending message 112 to peer 0x118008000 (16 bytes)
1717099168.671567 sending message 112 to peer 0x118008000 (13 bytes)
1717099168.671576 sending message 112 to peer 0x118008000 (9 bytes)
1717099168.671585 sending message 112 to peer 0x118008000 (9 bytes)
1717099168.671596 sending message 112 to peer 0x118008000 (12 bytes)
1717099168.671605 sending message 112 to peer 0x118008000 (8 bytes)
1717099168.671614 sending message 112 to peer 0x118008000 (8 bytes)
1717099168.671623 sending message 112 to peer 0x118008000 (13 bytes)
1717099168.671634 sending message 112 to peer 0x118008000 (7 bytes)
1717099168.671643 sending message 112 to peer 0x118008000 (7 bytes)
1717099168.671652 sending message 112 to peer 0x118008000 (9 bytes)
1717099168.671661 sending message 112 to peer 0x118008000 (9 bytes)
1717099168.671670 sending message 112 to peer 0x118008000 (15 bytes)
1717099168.671679 sending message 112 to peer 0x118008000 (13 bytes)
1717099168.671687 sending message 112 to peer 0x118008000 (12 bytes)
1717099168.671697 sending message 112 to peer 0x118008000 (8 bytes)
1717099168.671707 sending message 112 to peer 0x118008000 (14 bytes)
1717099168.671716 sending message 112 to peer 0x118008000 (11 bytes)
1717099168.671725 sending message 112 to peer 0x118008000 (9 bytes)
1717099168.671750 sending message 112 to peer 0x118008000 (10 bytes)
1717099168.671757 sending message 112 to peer 0x118008000 (10 bytes)
1717099168.671764 sending message 112 to peer 0x118008000 (10 bytes)
1717099168.671772 sending message 112 to peer 0x118008000 (10 bytes)
1717099168.671779 sending message 112 to peer 0x118008000 (11 bytes)
1717099168.671786 sending message 112 to peer 0x118008000 (12 bytes)
1717099168.671792 sending message 112 to peer 0x118008000 (12 bytes)
1717099168.671798 sending message 112 to peer 0x118008000 (12 bytes)
1717099168.671805 sending message 112 to peer 0x118008000 (12 bytes)
1717099168.671812 sending message 112 to peer 0x118008000 (12 bytes)
1717099168.671820 sending message 112 to peer 0x118008000 (11 bytes)
1717099168.671828 sending message 112 to peer 0x118008000 (11 bytes)
1717099168.671836 sending message 112 to peer 0x118008000 (12 bytes)
1717099168.671842 sending message 112 to peer 0x118008000 (12 bytes)
1717099168.671849 sending message 112 to peer 0x118008000 (12 bytes)
1717099168.671856 sending message 112 to peer 0x118008000 (12 bytes)
1717099168.671863 sending message 112 to peer 0x118008000 (12 bytes)
1717099168.671869 sending message 112 to peer 0x118008000 (9 bytes)
1717099168.671876 sending message 112 to peer 0x118008000 (12 bytes)
1717099168.671883 sending message 112 to peer 0x118008000 (13 bytes)
1717099168.671889 sending message 112 to peer 0x118008000 (13 bytes)
1717099168.671895 sending message 112 to peer 0x118008000 (13 bytes)
1717099168.671902 sending message 112 to peer 0x118008000 (13 bytes)
1717099168.671908 sending message 112 to peer 0x118008000 (13 bytes)
1717099168.671916 sending message 112 to peer 0x118008000 (8 bytes)
1717099168.671924 sending message 112 to peer 0x118008000 (11 bytes)
1717099168.671930 sending message 112 to peer 0x118008000 (11 bytes)
1717099168.671936 sending message 112 to peer 0x118008000 (11 bytes)
1717099168.671943 sending message 112 to peer 0x118008000 (12 bytes)
1717099168.671950 sending message 112 to peer 0x118008000 (12 bytes)
1717099168.671956 sending message 112 to peer 0x118008000 (12 bytes)
1717099168.671963 sending message 112 to peer 0x118008000 (12 bytes)
1717099168.671968 sending message 112 to peer 0x118008000 (13 bytes)
1717099168.671973 sending message 112 to peer 0x118008000 (13 bytes)
1717099168.671980 sending message 112 to peer 0x118008000 (13 bytes)
1717099168.671986 sending message 112 to peer 0x118008000 (8 bytes)
1717099168.671992 sending message 112 to peer 0x118008000 (13 bytes)
1717099168.671999 sending message 112 to peer 0x118008000 (13 bytes)
1717099168.672006 sending message 112 to peer 0x118008000 (13 bytes)
1717099168.672013 sending message 112 to peer 0x118008000 (13 bytes)
1717099168.672020 sending message 112 to peer 0x118008000 (13 bytes)
1717099168.672028 sending message 112 to peer 0x118008000 (12 bytes)
1717099168.672033 sending message 112 to peer 0x118008000 (12 bytes)
1717099168.672040 sending message 112 to peer 0x118008000 (12 bytes)
1717099168.672047 sending message 112 to peer 0x118008000 (12 bytes)
1717099168.672054 sending message 112 to peer 0x118008000 (13 bytes)
1717099168.672060 sending message 112 to peer 0x118008000 (8 bytes)
1717099168.672067 sending message 112 to peer 0x118008000 (13 bytes)
1717099168.672074 sending message 112 to peer 0x118008000 (13 bytes)
1717099168.672081 sending message 112 to peer 0x118008000 (13 bytes)
1717099168.672088 sending message 112 to peer 0x118008000 (13 bytes)
1717099168.672095 sending message 112 to peer 0x118008000 (13 bytes)
1717099168.672103 sending message 112 to peer 0x118008000 (13 bytes)
1717099168.672110 sending message 112 to peer 0x118008000 (13 bytes)
1717099168.672115 sending message 112 to peer 0x118008000 (12 bytes)
1717099168.672122 sending message 112 to peer 0x118008000 (12 bytes)
1717099168.672129 sending message 112 to peer 0x118008000 (12 bytes)
1717099168.672135 sending message 112 to peer 0x118008000 (8 bytes)
1717099168.672142 sending message 112 to peer 0x118008000 (12 bytes)
1717099168.672148 sending message 112 to peer 0x118008000 (13 bytes)
1717099168.672167 sending message 112 to peer 0x118008000 (13 bytes)
1717099168.672174 sending message 112 to peer 0x118008000 (13 bytes)
1717099168.672182 sending message 112 to peer 0x118008000 (13 bytes)
1717099168.672187 sending message 112 to peer 0x118008000 (13 bytes)
1717099168.672192 sending message 112 to peer 0x118008000 (13 bytes)
1717099168.672200 sending message 112 to peer 0x118008000 (13 bytes)
1717099168.672205 sending message 112 to peer 0x118008000 (13 bytes)
1717099168.672212 sending message 112 to peer 0x118008000 (12 bytes)
1717099168.672218 sending message 112 to peer 0x118008000 (10 bytes)
1717099168.672225 sending message 112 to peer 0x118008000 (12 bytes)
1717099168.672233 sending message 112 to peer 0x118008000 (12 bytes)
1717099168.672241 sending message 112 to peer 0x118008000 (12 bytes)
1717099168.672248 sending message 112 to peer 0x118008000 (13 bytes)
1717099168.672253 sending message 112 to peer 0x118008000 (13 bytes)
1717099168.672260 sending message 112 to peer 0x118008000 (13 bytes)
1717099168.672267 sending message 112 to peer 0x118008000 (13 bytes)
1717099168.672273 sending message 112 to peer 0x118008000 (13 bytes)
1717099168.672280 sending message 112 to peer 0x118008000 (13 bytes)
1717099168.672286 sending message 112 to peer 0x118008000 (13 bytes)
1717099168.672293 sending message 112 to peer 0x118008000 (10 bytes)
1717099168.672300 sending message 112 to peer 0x118008000 (13 bytes)
1717099168.672308 sending message 112 to peer 0x118008000 (12 bytes)
1717099168.672315 sending message 112 to peer 0x118008000 (12 bytes)
1717099168.672321 sending message 112 to peer 0x118008000 (12 bytes)
1717099168.672328 sending message 112 to peer 0x118008000 (10 bytes)
1717099168.672334 sending message 112 to peer 0x118008000 (10 bytes)
1717099168.672341 sending message 112 to peer 0x118008000 (10 bytes)
1717099168.672347 sending message 112 to peer 0x118008000 (12 bytes)
1717099168.672353 sending message 112 to peer 0x118008000 (13 bytes)
1717099168.672360 sending message 112 to peer 0x118008000 (13 bytes)
1717099168.672367 sending message 112 to peer 0x118008000 (13 bytes)
1717099168.672375 sending message 112 to peer 0x118008000 (13 bytes)
1717099168.672382 sending message 112 to peer 0x118008000 (13 bytes)
1717099168.672389 sending message 112 to peer 0x118008000 (10 bytes)
1717099168.672396 sending message 112 to peer 0x118008000 (11 bytes)
1717099168.672403 sending message 112 to peer 0x118008000 (12 bytes)
1717099168.672408 sending message 112 to peer 0x118008000 (12 bytes)
1717099168.672413 sending message 112 to peer 0x118008000 (12 bytes)
1717099168.672420 sending message 112 to peer 0x118008000 (12 bytes)
1717099168.672425 sending message 112 to peer 0x118008000 (12 bytes)
1717099168.672432 sending message 112 to peer 0x118008000 (11 bytes)
1717099168.672438 sending message 112 to peer 0x118008000 (12 bytes)
1717099168.672446 sending message 112 to peer 0x118008000 (12 bytes)
1717099168.672451 sending message 112 to peer 0x118008000 (13 bytes)
1717099168.672459 sending message 112 to peer 0x118008000 (13 bytes)
1717099168.672466 sending message 112 to peer 0x118008000 (13 bytes)
1717099168.672474 sending message 112 to peer 0x118008000 (13 bytes)
1717099168.672481 sending message 112 to peer 0x118008000 (13 bytes)
1717099168.672488 sending message 112 to peer 0x118008000 (10 bytes)
1717099168.672495 sending message 112 to peer 0x118008000 (9 bytes)
1717099168.672501 sending message 112 to peer 0x118008000 (12 bytes)
1717099168.672508 sending message 112 to peer 0x118008000 (13 bytes)
1717099168.672515 sending message 112 to peer 0x118008000 (13 bytes)
1717099168.672522 sending message 112 to peer 0x118008000 (13 bytes)
1717099168.672528 sending message 112 to peer 0x118008000 (13 bytes)
1717099168.672535 sending message 112 to peer 0x118008000 (13 bytes)
1717099168.672542 sending message 112 to peer 0x118008000 (9 bytes)
1717099168.672549 sending message 112 to peer 0x118008000 (12 bytes)
1717099168.672556 sending message 112 to peer 0x118008000 (13 bytes)
1717099168.672571 sending message 112 to peer 0x118008000 (13 bytes)
1717099168.672578 sending message 112 to peer 0x118008000 (13 bytes)
1717099168.672585 sending message 112 to peer 0x118008000 (13 bytes)
1717099168.672591 sending message 112 to peer 0x118008000 (13 bytes)
1717099168.672599 sending message 112 to peer 0x118008000 (11 bytes)
1717099168.672606 sending message 112 to peer 0x118008000 (12 bytes)
1717099168.672613 sending message 112 to peer 0x118008000 (13 bytes)
1717099168.672620 sending message 112 to peer 0x118008000 (13 bytes)
1717099168.672626 sending message 112 to peer 0x118008000 (13 bytes)
1717099168.672633 sending message 112 to peer 0x118008000 (13 bytes)
1717099168.672638 sending message 112 to peer 0x118008000 (13 bytes)
1717099168.672645 sending message 112 to peer 0x118008000 (11 bytes)
1717099168.672650 sending message 112 to peer 0x118008000 (12 bytes)
1717099168.672657 sending message 112 to peer 0x118008000 (12 bytes)
1717099168.672664 sending message 112 to peer 0x118008000 (12 bytes)
1717099168.672671 sending message 112 to peer 0x118008000 (12 bytes)
1717099168.672677 sending message 112 to peer 0x118008000 (12 bytes)
1717099168.672684 sending message 112 to peer 0x118008000 (21 bytes)
1717099168.672691 sending message 112 to peer 0x118008000 (12 bytes)
1717099168.672697 sending message 112 to peer 0x118008000 (9 bytes)
1717099168.672704 sending message 112 to peer 0x118008000 (6 bytes)
1717099168.672710 sending message 112 to peer 0x118008000 (13 bytes)
1717099168.672717 sending message 112 to peer 0x118008000 (10 bytes)
1717099168.672724 sending message 112 to peer 0x118008000 (24 bytes)
1717099168.672731 sending message 112 to peer 0x118008000 (13 bytes)
1717099168.672738 sending message 112 to peer 0x118008000 (9 bytes)
1717099168.672745 sending message 112 to peer 0x118008000 (70 bytes)
1717099168.672752 sending message 112 to peer 0x118008000 (69 bytes)
1717099168.672759 sending message 112 to peer 0x118008000 (12 bytes)
1717099168.672765 sending message 112 to peer 0x118008000 (10 bytes)
1717099168.672772 sending message 112 to peer 0x118008000 (10 bytes)
1717099168.672778 sending message 112 to peer 0x118008000 (24 bytes)
1717099168.672785 sending message 112 to peer 0x118008000 (13 bytes)
1717099168.672792 sending message 112 to peer 0x118008000 (10 bytes)
1717099168.672799 sending message 112 to peer 0x118008000 (10 bytes)
1717099168.672806 sending message 112 to peer 0x118008000 (10 bytes)
1717099168.672813 sending message 112 to peer 0x118008000 (13 bytes)
1717099168.672821 sending message 112 to peer 0x118008000 (15 bytes)
1717099168.672829 sending message 112 to peer 0x118008000 (5 bytes)
1717099168.672840 sending message 104 to peer 0x118008000 (0 bytes)
1717099168.672848 sending message 110 to peer 0x118008000 (0 bytes)
1717099168.672855 sending message 107 to peer 0x118008000 (4 bytes)
1717099168.672863 sending message 105 to peer 0x118008000 (35 bytes)
1717099168.672870 sending message 105 to peer 0x118008000 (24 bytes)
1717099168.672876 sending message 105 to peer 0x118008000 (21 bytes)
1717099168.672883 sending message 105 to peer 0x118008000 (72 bytes)
1717099168.672891 sending message 105 to peer 0x118008000 (79 bytes)
1717099168.672899 sending message 105 to peer 0x118008000 (8 bytes)
1717099168.672904 sending message 105 to peer 0x118008000 (25 bytes)
1717099168.672911 sending message 105 to peer 0x118008000 (29 bytes)
1717099168.672918 sending message 105 to peer 0x118008000 (44 bytes)
1717099168.672924 sending message 105 to peer 0x118008000 (22 bytes)
1717099168.672931 sending message 105 to peer 0x118008000 (64 bytes)
1717099168.672938 sending message 105 to peer 0x118008000 (70 bytes)
1717099168.672946 sending message 105 to peer 0x118008000 (39 bytes)
1717099168.672951 sending message 105 to peer 0x118008000 (490 bytes)
1717099168.672959 sending message 105 to peer 0x118008000 (14 bytes)
1717099168.672966 sending message 105 to peer 0x118008000 (28 bytes)
1717099168.672973 sending message 105 to peer 0x118008000 (46 bytes)
1717099168.672991 sending message 105 to peer 0x118008000 (21 bytes)
1717099168.672996 sending message 105 to peer 0x118008000 (61 bytes)
1717099168.673003 sending message 105 to peer 0x118008000 (66 bytes)
1717099168.673011 sending message 105 to peer 0x118008000 (20 bytes)
1717099168.673017 sending message 105 to peer 0x118008000 (57 bytes)
1717099168.673025 sending message 105 to peer 0x118008000 (7 bytes)
1717099168.673032 sending message 105 to peer 0x118008000 (15 bytes)
1717099168.673039 sending message 105 to peer 0x118008000 (48 bytes)
1717099168.673046 sending message 105 to peer 0x118008000 (58 bytes)
1717099168.673051 sending message 105 to peer 0x118008000 (17 bytes)
1717099168.673058 sending message 105 to peer 0x118008000 (14 bytes)
1717099168.673063 sending message 105 to peer 0x118008000 (11 bytes)
1717099168.673068 sending message 105 to peer 0x118008000 (53 bytes)
1717099168.673073 sending message 105 to peer 0x118008000 (71 bytes)
1717099168.673080 sending message 105 to peer 0x118008000 (58 bytes)
1717099168.673087 sending message 105 to peer 0x118008000 (20 bytes)
1717099168.673093 sending message 105 to peer 0x118008000 (32 bytes)
1717099168.673101 sending message 106 to peer 0x118008000 (0 bytes)
1717099168.673184 sending message 200 to peer 0x118008000 (4 bytes)
1717099168.673193 client loop enter
1717099168.673217 client_signal: Child exited: 20
1717099168.883477 peer 0x118008000 message 207
1717099168.883554 sending message 208 to peer 0x118008000 (0 bytes)
1717099231.934381 peer 0x118008000 message 203
1717099231.934656 sending message 205 to peer 0x118008000 (0 bytes)
1717099231.934990 peer 0x118008000 message 204
1717099231.935003 client loop exit
